   1              		.cpu arm926ej-s
   2              		.fpu softvfp
   3              		.eabi_attribute 20, 1
   4              		.eabi_attribute 21, 1
   5              		.eabi_attribute 23, 3
   6              		.eabi_attribute 24, 1
   7              		.eabi_attribute 25, 1
   8              		.eabi_attribute 26, 1
   9              		.eabi_attribute 30, 6
  10              		.eabi_attribute 34, 0
  11              		.eabi_attribute 18, 4
  12              		.file	"cyfxbulkdscr.c"
  13              		.text
  14              	.Ltext0:
  15              		.cfi_sections	.debug_frame
  16              		.global	CyFxUSB30DeviceDscr
  17              		.section	.rodata
  18              		.align	5
  21              	CyFxUSB30DeviceDscr:
  22 0000 12       		.byte	18
  23 0001 01       		.byte	1
  24 0002 00       		.byte	0
  25 0003 03       		.byte	3
  26 0004 00       		.byte	0
  27 0005 00       		.byte	0
  28 0006 00       		.byte	0
  29 0007 09       		.byte	9
  30 0008 B4       		.byte	-76
  31 0009 04       		.byte	4
  32 000a F1       		.byte	-15
  33 000b 00       		.byte	0
  34 000c 00       		.byte	0
  35 000d 00       		.byte	0
  36 000e 01       		.byte	1
  37 000f 02       		.byte	2
  38 0010 00       		.byte	0
  39 0011 01       		.byte	1
  40              		.global	CyFxUSB20DeviceDscr
  41 0012 00000000 		.align	5
  41      00000000 
  41      00000000 
  41      0000
  44              	CyFxUSB20DeviceDscr:
  45 0020 12       		.byte	18
  46 0021 01       		.byte	1
  47 0022 10       		.byte	16
  48 0023 02       		.byte	2
  49 0024 00       		.byte	0
  50 0025 00       		.byte	0
  51 0026 00       		.byte	0
  52 0027 40       		.byte	64
  53 0028 B4       		.byte	-76
  54 0029 04       		.byte	4
  55 002a F1       		.byte	-15
  56 002b 00       		.byte	0
  57 002c 00       		.byte	0
  58 002d 00       		.byte	0
  59 002e 01       		.byte	1
  60 002f 02       		.byte	2
  61 0030 00       		.byte	0
  62 0031 01       		.byte	1
  63              		.global	CyFxUSBBOSDscr
  64 0032 00000000 		.align	5
  64      00000000 
  64      00000000 
  64      0000
  67              	CyFxUSBBOSDscr:
  68 0040 05       		.byte	5
  69 0041 0F       		.byte	15
  70 0042 16       		.byte	22
  71 0043 00       		.byte	0
  72 0044 02       		.byte	2
  73 0045 07       		.byte	7
  74 0046 10       		.byte	16
  75 0047 02       		.byte	2
  76 0048 02       		.byte	2
  77 0049 00       		.byte	0
  78 004a 00       		.byte	0
  79 004b 00       		.byte	0
  80 004c 0A       		.byte	10
  81 004d 10       		.byte	16
  82 004e 03       		.byte	3
  83 004f 00       		.byte	0
  84 0050 0E       		.byte	14
  85 0051 00       		.byte	0
  86 0052 03       		.byte	3
  87 0053 0A       		.byte	10
  88 0054 FF       		.byte	-1
  89 0055 07       		.byte	7
  90              		.global	CyFxUSBDeviceQualDscr
  91 0056 00000000 		.align	5
  91      00000000 
  91      0000
  94              	CyFxUSBDeviceQualDscr:
  95 0060 0A       		.byte	10
  96 0061 06       		.byte	6
  97 0062 00       		.byte	0
  98 0063 02       		.byte	2
  99 0064 00       		.byte	0
 100 0065 00       		.byte	0
 101 0066 00       		.byte	0
 102 0067 40       		.byte	64
 103 0068 01       		.byte	1
 104 0069 00       		.byte	0
 105              		.global	CyFxUSBSSConfigDscr
 106 006a 00000000 		.align	5
 106      00000000 
 106      00000000 
 106      00000000 
 106      00000000 
 109              	CyFxUSBSSConfigDscr:
 110 0080 09       		.byte	9
 111 0081 02       		.byte	2
 112 0082 1F       		.byte	31
 113 0083 00       		.byte	0
 114 0084 01       		.byte	1
 115 0085 01       		.byte	1
 116 0086 00       		.byte	0
 117 0087 80       		.byte	-128
 118 0088 7D       		.byte	125
 119 0089 09       		.byte	9
 120 008a 04       		.byte	4
 121 008b 00       		.byte	0
 122 008c 00       		.byte	0
 123 008d 01       		.byte	1
 124 008e FF       		.byte	-1
 125 008f 00       		.byte	0
 126 0090 00       		.byte	0
 127 0091 00       		.byte	0
 128 0092 07       		.byte	7
 129 0093 05       		.byte	5
 130 0094 81       		.byte	-127
 131 0095 02       		.byte	2
 132 0096 00       		.byte	0
 133 0097 04       		.byte	4
 134 0098 00       		.byte	0
 135 0099 06       		.byte	6
 136 009a 30       		.byte	48
 137 009b 07       		.byte	7
 138 009c 00       		.byte	0
 139 009d 00       		.byte	0
 140 009e 00       		.byte	0
 141              		.global	CyFxUSBHSConfigDscr
 142 009f 00       		.align	5
 145              	CyFxUSBHSConfigDscr:
 146 00a0 09       		.byte	9
 147 00a1 02       		.byte	2
 148 00a2 19       		.byte	25
 149 00a3 00       		.byte	0
 150 00a4 01       		.byte	1
 151 00a5 01       		.byte	1
 152 00a6 00       		.byte	0
 153 00a7 80       		.byte	-128
 154 00a8 32       		.byte	50
 155 00a9 09       		.byte	9
 156 00aa 04       		.byte	4
 157 00ab 00       		.byte	0
 158 00ac 00       		.byte	0
 159 00ad 01       		.byte	1
 160 00ae FF       		.byte	-1
 161 00af 00       		.byte	0
 162 00b0 00       		.byte	0
 163 00b1 00       		.byte	0
 164 00b2 07       		.byte	7
 165 00b3 05       		.byte	5
 166 00b4 81       		.byte	-127
 167 00b5 02       		.byte	2
 168 00b6 00       		.byte	0
 169 00b7 02       		.byte	2
 170 00b8 00       		.byte	0
 171              		.global	CyFxUSBFSConfigDscr
 172 00b9 00000000 		.align	5
 172      000000
 175              	CyFxUSBFSConfigDscr:
 176 00c0 09       		.byte	9
 177 00c1 02       		.byte	2
 178 00c2 19       		.byte	25
 179 00c3 00       		.byte	0
 180 00c4 01       		.byte	1
 181 00c5 01       		.byte	1
 182 00c6 00       		.byte	0
 183 00c7 80       		.byte	-128
 184 00c8 32       		.byte	50
 185 00c9 09       		.byte	9
 186 00ca 04       		.byte	4
 187 00cb 00       		.byte	0
 188 00cc 00       		.byte	0
 189 00cd 01       		.byte	1
 190 00ce FF       		.byte	-1
 191 00cf 00       		.byte	0
 192 00d0 00       		.byte	0
 193 00d1 00       		.byte	0
 194 00d2 07       		.byte	7
 195 00d3 05       		.byte	5
 196 00d4 81       		.byte	-127
 197 00d5 02       		.byte	2
 198 00d6 40       		.byte	64
 199 00d7 00       		.byte	0
 200 00d8 00       		.byte	0
 201              		.global	CyFxUSBStringLangIDDscr
 202 00d9 00000000 		.align	5
 202      000000
 205              	CyFxUSBStringLangIDDscr:
 206 00e0 04       		.byte	4
 207 00e1 03       		.byte	3
 208 00e2 09       		.byte	9
 209 00e3 04       		.byte	4
 210              		.global	CyFxUSBManufactureDscr
 211 00e4 00000000 		.align	5
 211      00000000 
 211      00000000 
 211      00000000 
 211      00000000 
 214              	CyFxUSBManufactureDscr:
 215 0100 10       		.byte	16
 216 0101 03       		.byte	3
 217 0102 43       		.byte	67
 218 0103 00       		.byte	0
 219 0104 79       		.byte	121
 220 0105 00       		.byte	0
 221 0106 70       		.byte	112
 222 0107 00       		.byte	0
 223 0108 72       		.byte	114
 224 0109 00       		.byte	0
 225 010a 65       		.byte	101
 226 010b 00       		.byte	0
 227 010c 73       		.byte	115
 228 010d 00       		.byte	0
 229 010e 73       		.byte	115
 230 010f 00       		.byte	0
 231              		.global	CyFxUSBProductDscr
 232 0110 00000000 		.align	5
 232      00000000 
 232      00000000 
 232      00000000 
 235              	CyFxUSBProductDscr:
 236 0120 08       		.byte	8
 237 0121 03       		.byte	3
 238 0122 46       		.byte	70
 239 0123 00       		.byte	0
 240 0124 58       		.byte	88
 241 0125 00       		.byte	0
 242 0126 33       		.byte	51
 243 0127 00       		.byte	0
 244              		.global	CyFxUsbOSDscr
 245 0128 00000000 		.align	5
 245      00000000 
 245      00000000 
 245      00000000 
 245      00000000 
 248              	CyFxUsbOSDscr:
 249 0140 0E       		.byte	14
 250 0141 03       		.byte	3
 251 0142 4F       		.byte	79
 252 0143 00       		.byte	0
 253 0144 53       		.byte	83
 254 0145 00       		.byte	0
 255 0146 20       		.byte	32
 256 0147 00       		.byte	0
 257 0148 44       		.byte	68
 258 0149 00       		.byte	0
 259 014a 65       		.byte	101
 260 014b 00       		.byte	0
 261 014c 73       		.byte	115
 262 014d 00       		.byte	0
 263 014e 63       		.byte	99
 264 014f 00       		.byte	0
 265              		.comm	CyFxUsbDscrAlignBuffer,32,32
 266 0150 00000000 		.text
 266      00000000 
 266      00000000 
 266      00000000 
 267              	.Letext0:
 268              		.file 1 "D:\\Program Files (x86)\\Cypress\\EZ-USB FX3 SDK\\1.3\\\\firmware\\u3p_firmware\\inc/cyu3
 269              		.file 2 "../cyfxbulkdscr.c"
 270              		.file 3 "d:\\program files (x86)\\cypress\\ez-usb fx3 sdk\\1.3\\arm gcc\\arm-none-eabi\\include\\s
DEFINED SYMBOLS
                            *ABS*:00000000 cyfxbulkdscr.c
C:\Users\jason\AppData\Local\Temp\cc6MAv88.s:21     .rodata:00000000 CyFxUSB30DeviceDscr
C:\Users\jason\AppData\Local\Temp\cc6MAv88.s:18     .rodata:00000000 $d
C:\Users\jason\AppData\Local\Temp\cc6MAv88.s:44     .rodata:00000020 CyFxUSB20DeviceDscr
C:\Users\jason\AppData\Local\Temp\cc6MAv88.s:67     .rodata:00000040 CyFxUSBBOSDscr
C:\Users\jason\AppData\Local\Temp\cc6MAv88.s:94     .rodata:00000060 CyFxUSBDeviceQualDscr
C:\Users\jason\AppData\Local\Temp\cc6MAv88.s:109    .rodata:00000080 CyFxUSBSSConfigDscr
C:\Users\jason\AppData\Local\Temp\cc6MAv88.s:145    .rodata:000000a0 CyFxUSBHSConfigDscr
C:\Users\jason\AppData\Local\Temp\cc6MAv88.s:175    .rodata:000000c0 CyFxUSBFSConfigDscr
C:\Users\jason\AppData\Local\Temp\cc6MAv88.s:205    .rodata:000000e0 CyFxUSBStringLangIDDscr
C:\Users\jason\AppData\Local\Temp\cc6MAv88.s:214    .rodata:00000100 CyFxUSBManufactureDscr
C:\Users\jason\AppData\Local\Temp\cc6MAv88.s:235    .rodata:00000120 CyFxUSBProductDscr
C:\Users\jason\AppData\Local\Temp\cc6MAv88.s:248    .rodata:00000140 CyFxUsbOSDscr
                            *COM*:00000020 CyFxUsbDscrAlignBuffer

NO UNDEFINED SYMBOLS
