   1              		.cpu arm926ej-s
   2              		.fpu softvfp
   3              		.eabi_attribute 20, 1
   4              		.eabi_attribute 21, 1
   5              		.eabi_attribute 23, 3
   6              		.eabi_attribute 24, 1
   7              		.eabi_attribute 25, 1
   8              		.eabi_attribute 26, 1
   9              		.eabi_attribute 30, 4
  10              		.eabi_attribute 34, 0
  11              		.eabi_attribute 18, 4
  12              		.file	"cyfxbulkdscr.c"
  13              		.comm	CyFxUsbDscrAlignBuffer,32,32
  14              		.global	CyFxUsbOSDscr
  15              		.global	CyFxUSBProductDscr
  16              		.global	CyFxUSBManufactureDscr
  17              		.global	CyFxUSBStringLangIDDscr
  18              		.global	CyFxUSBFSConfigDscr
  19              		.global	CyFxUSBHSConfigDscr
  20              		.global	CyFxUSBSSConfigDscr
  21              		.global	CyFxUSBDeviceQualDscr
  22              		.global	CyFxUSBBOSDscr
  23              		.global	CyFxUSB20DeviceDscr
  24              		.global	CyFxUSB30DeviceDscr
  25              		.section	.rodata
  26              		.align	5
  29              	CyFxUsbOSDscr:
  30 0000 0E       		.byte	14
  31 0001 03       		.byte	3
  32 0002 4F       		.byte	79
  33 0003 00       		.byte	0
  34 0004 53       		.byte	83
  35 0005 00       		.byte	0
  36 0006 20       		.byte	32
  37 0007 00       		.byte	0
  38 0008 44       		.byte	68
  39 0009 00       		.byte	0
  40 000a 65       		.byte	101
  41 000b 00       		.byte	0
  42 000c 73       		.byte	115
  43 000d 00       		.byte	0
  44 000e 63       		.byte	99
  45 000f 00       		.byte	0
  46 0010 00000000 		.space	16
  46      00000000 
  46      00000000 
  46      00000000 
  49              	CyFxUSBProductDscr:
  50 0020 08       		.byte	8
  51 0021 03       		.byte	3
  52 0022 46       		.byte	70
  53 0023 00       		.byte	0
  54 0024 58       		.byte	88
  55 0025 00       		.byte	0
  56 0026 33       		.byte	51
  57 0027 00       		.byte	0
  58 0028 00000000 		.space	24
  58      00000000 
  58      00000000 
  58      00000000 
  58      00000000 
  61              	CyFxUSBManufactureDscr:
  62 0040 10       		.byte	16
  63 0041 03       		.byte	3
  64 0042 43       		.byte	67
  65 0043 00       		.byte	0
  66 0044 79       		.byte	121
  67 0045 00       		.byte	0
  68 0046 70       		.byte	112
  69 0047 00       		.byte	0
  70 0048 72       		.byte	114
  71 0049 00       		.byte	0
  72 004a 65       		.byte	101
  73 004b 00       		.byte	0
  74 004c 73       		.byte	115
  75 004d 00       		.byte	0
  76 004e 73       		.byte	115
  77 004f 00       		.byte	0
  78 0050 00000000 		.space	16
  78      00000000 
  78      00000000 
  78      00000000 
  81              	CyFxUSBStringLangIDDscr:
  82 0060 04       		.byte	4
  83 0061 03       		.byte	3
  84 0062 09       		.byte	9
  85 0063 04       		.byte	4
  86 0064 00000000 		.space	28
  86      00000000 
  86      00000000 
  86      00000000 
  86      00000000 
  89              	CyFxUSBFSConfigDscr:
  90 0080 09       		.byte	9
  91 0081 02       		.byte	2
  92 0082 19       		.byte	25
  93 0083 00       		.byte	0
  94 0084 01       		.byte	1
  95 0085 01       		.byte	1
  96 0086 00       		.byte	0
  97 0087 80       		.byte	-128
  98 0088 32       		.byte	50
  99 0089 09       		.byte	9
 100 008a 04       		.byte	4
 101 008b 00       		.byte	0
 102 008c 00       		.byte	0
 103 008d 01       		.byte	1
 104 008e FF       		.byte	-1
 105 008f 00       		.byte	0
 106 0090 00       		.byte	0
 107 0091 00       		.byte	0
 108 0092 07       		.byte	7
 109 0093 05       		.byte	5
 110 0094 81       		.byte	-127
 111 0095 02       		.byte	2
 112 0096 40       		.byte	64
 113 0097 00       		.byte	0
 114 0098 00       		.byte	0
 115 0099 00000000 		.space	7
 115      000000
 118              	CyFxUSBHSConfigDscr:
 119 00a0 09       		.byte	9
 120 00a1 02       		.byte	2
 121 00a2 19       		.byte	25
 122 00a3 00       		.byte	0
 123 00a4 01       		.byte	1
 124 00a5 01       		.byte	1
 125 00a6 00       		.byte	0
 126 00a7 80       		.byte	-128
 127 00a8 32       		.byte	50
 128 00a9 09       		.byte	9
 129 00aa 04       		.byte	4
 130 00ab 00       		.byte	0
 131 00ac 00       		.byte	0
 132 00ad 01       		.byte	1
 133 00ae FF       		.byte	-1
 134 00af 00       		.byte	0
 135 00b0 00       		.byte	0
 136 00b1 00       		.byte	0
 137 00b2 07       		.byte	7
 138 00b3 05       		.byte	5
 139 00b4 81       		.byte	-127
 140 00b5 02       		.byte	2
 141 00b6 00       		.byte	0
 142 00b7 02       		.byte	2
 143 00b8 00       		.byte	0
 144 00b9 00000000 		.space	7
 144      000000
 147              	CyFxUSBSSConfigDscr:
 148 00c0 09       		.byte	9
 149 00c1 02       		.byte	2
 150 00c2 1F       		.byte	31
 151 00c3 00       		.byte	0
 152 00c4 01       		.byte	1
 153 00c5 01       		.byte	1
 154 00c6 00       		.byte	0
 155 00c7 80       		.byte	-128
 156 00c8 7D       		.byte	125
 157 00c9 09       		.byte	9
 158 00ca 04       		.byte	4
 159 00cb 00       		.byte	0
 160 00cc 00       		.byte	0
 161 00cd 01       		.byte	1
 162 00ce FF       		.byte	-1
 163 00cf 00       		.byte	0
 164 00d0 00       		.byte	0
 165 00d1 00       		.byte	0
 166 00d2 07       		.byte	7
 167 00d3 05       		.byte	5
 168 00d4 81       		.byte	-127
 169 00d5 02       		.byte	2
 170 00d6 00       		.byte	0
 171 00d7 04       		.byte	4
 172 00d8 00       		.byte	0
 173 00d9 06       		.byte	6
 174 00da 30       		.byte	48
 175 00db 07       		.byte	7
 176 00dc 00       		.byte	0
 177 00dd 00       		.byte	0
 178 00de 00       		.byte	0
 179 00df 00       		.space	1
 182              	CyFxUSBDeviceQualDscr:
 183 00e0 0A       		.byte	10
 184 00e1 06       		.byte	6
 185 00e2 00       		.byte	0
 186 00e3 02       		.byte	2
 187 00e4 00       		.byte	0
 188 00e5 00       		.byte	0
 189 00e6 00       		.byte	0
 190 00e7 40       		.byte	64
 191 00e8 01       		.byte	1
 192 00e9 00       		.byte	0
 193 00ea 00000000 		.space	22
 193      00000000 
 193      00000000 
 193      00000000 
 193      00000000 
 196              	CyFxUSBBOSDscr:
 197 0100 05       		.byte	5
 198 0101 0F       		.byte	15
 199 0102 16       		.byte	22
 200 0103 00       		.byte	0
 201 0104 02       		.byte	2
 202 0105 07       		.byte	7
 203 0106 10       		.byte	16
 204 0107 02       		.byte	2
 205 0108 02       		.byte	2
 206 0109 00       		.byte	0
 207 010a 00       		.byte	0
 208 010b 00       		.byte	0
 209 010c 0A       		.byte	10
 210 010d 10       		.byte	16
 211 010e 03       		.byte	3
 212 010f 00       		.byte	0
 213 0110 0E       		.byte	14
 214 0111 00       		.byte	0
 215 0112 03       		.byte	3
 216 0113 0A       		.byte	10
 217 0114 FF       		.byte	-1
 218 0115 07       		.byte	7
 219 0116 00000000 		.space	10
 219      00000000 
 219      0000
 222              	CyFxUSB20DeviceDscr:
 223 0120 12       		.byte	18
 224 0121 01       		.byte	1
 225 0122 10       		.byte	16
 226 0123 02       		.byte	2
 227 0124 00       		.byte	0
 228 0125 00       		.byte	0
 229 0126 00       		.byte	0
 230 0127 40       		.byte	64
 231 0128 B4       		.byte	-76
 232 0129 04       		.byte	4
 233 012a F0       		.byte	-16
 234 012b 00       		.byte	0
 235 012c 00       		.byte	0
 236 012d 00       		.byte	0
 237 012e 01       		.byte	1
 238 012f 02       		.byte	2
 239 0130 00       		.byte	0
 240 0131 01       		.byte	1
 241 0132 00000000 		.space	14
 241      00000000 
 241      00000000 
 241      0000
 244              	CyFxUSB30DeviceDscr:
 245 0140 12       		.byte	18
 246 0141 01       		.byte	1
 247 0142 00       		.byte	0
 248 0143 03       		.byte	3
 249 0144 00       		.byte	0
 250 0145 00       		.byte	0
 251 0146 00       		.byte	0
 252 0147 09       		.byte	9
 253 0148 B4       		.byte	-76
 254 0149 04       		.byte	4
 255 014a F0       		.byte	-16
 256 014b 00       		.byte	0
 257 014c 00       		.byte	0
 258 014d 00       		.byte	0
 259 014e 01       		.byte	1
 260 014f 02       		.byte	2
 261 0150 00       		.byte	0
 262 0151 01       		.byte	1
 263 0152 00000000 		.ident	"GCC: (Sourcery CodeBench Lite 2013.11-24) 4.8.1"
 263      00000000 
 263      00000000 
 263      0000
DEFINED SYMBOLS
                            *ABS*:00000000 cyfxbulkdscr.c
                            *COM*:00000020 CyFxUsbDscrAlignBuffer
C:\Users\jason\AppData\Local\Temp\ccvZuQ4t.s:29     .rodata:00000000 CyFxUsbOSDscr
C:\Users\jason\AppData\Local\Temp\ccvZuQ4t.s:49     .rodata:00000020 CyFxUSBProductDscr
C:\Users\jason\AppData\Local\Temp\ccvZuQ4t.s:61     .rodata:00000040 CyFxUSBManufactureDscr
C:\Users\jason\AppData\Local\Temp\ccvZuQ4t.s:81     .rodata:00000060 CyFxUSBStringLangIDDscr
C:\Users\jason\AppData\Local\Temp\ccvZuQ4t.s:89     .rodata:00000080 CyFxUSBFSConfigDscr
C:\Users\jason\AppData\Local\Temp\ccvZuQ4t.s:118    .rodata:000000a0 CyFxUSBHSConfigDscr
C:\Users\jason\AppData\Local\Temp\ccvZuQ4t.s:147    .rodata:000000c0 CyFxUSBSSConfigDscr
C:\Users\jason\AppData\Local\Temp\ccvZuQ4t.s:182    .rodata:000000e0 CyFxUSBDeviceQualDscr
C:\Users\jason\AppData\Local\Temp\ccvZuQ4t.s:196    .rodata:00000100 CyFxUSBBOSDscr
C:\Users\jason\AppData\Local\Temp\ccvZuQ4t.s:222    .rodata:00000120 CyFxUSB20DeviceDscr
C:\Users\jason\AppData\Local\Temp\ccvZuQ4t.s:244    .rodata:00000140 CyFxUSB30DeviceDscr
C:\Users\jason\AppData\Local\Temp\ccvZuQ4t.s:26     .rodata:00000000 $d

NO UNDEFINED SYMBOLS
