   1              		.cpu arm926ej-s
   2              		.fpu softvfp
   3              		.eabi_attribute 20, 1
   4              		.eabi_attribute 21, 1
   5              		.eabi_attribute 23, 3
   6              		.eabi_attribute 24, 1
   7              		.eabi_attribute 25, 1
   8              		.eabi_attribute 26, 1
   9              		.eabi_attribute 30, 4
  10              		.eabi_attribute 34, 0
  11              		.eabi_attribute 18, 4
  12              		.file	"i2cmodule.c"
  13              		.text
  14              		.align	2
  15              		.global	CyFxI2cInit
  17              	CyFxI2cInit:
  18              		@ args = 0, pretend = 0, frame = 16
  19              		@ frame_needed = 0, uses_anonymous_args = 0
  20 0000 1F402DE9 		stmfd	sp!, {r0, r1, r2, r3, r4, lr}
  21 0004 FEFFFFEB 		bl	CyU3PI2cInit
  22 0008 004050E2 		subs	r4, r0, #0
  23 000c 0400A011 		movne	r0, r4
  24 0010 0C00001A 		bne	.L2
  25 0014 0D00A0E1 		mov	r0, sp
  26 0018 0410A0E1 		mov	r1, r4
  27 001c 1020A0E3 		mov	r2, #16
  28 0020 FEFFFFEB 		bl	CyU3PMemSet
  29 0024 24309FE5 		ldr	r3, .L5
  30 0028 0D00A0E1 		mov	r0, sp
  31 002c 00308DE5 		str	r3, [sp]
  32 0030 0410A0E1 		mov	r1, r4
  33 0034 0030E0E3 		mvn	r3, #0
  34 0038 08308DE5 		str	r3, [sp, #8]
  35 003c BC30CDE1 		strh	r3, [sp, #12]	@ movhi
  36 0040 04408DE5 		str	r4, [sp, #4]
  37 0044 FEFFFFEB 		bl	CyU3PI2cSetConfig
  38              	.L2:
  39 0048 10D08DE2 		add	sp, sp, #16
  40              		@ sp needed
  41 004c 1080BDE8 		ldmfd	sp!, {r4, pc}
  42              	.L6:
  43              		.align	2
  44              	.L5:
  45 0050 801A0600 		.word	400000
  47              		.align	2
  48              		.global	CyFxUsbI2cTransfer
  50              	CyFxUsbI2cTransfer:
  51              		@ args = 4, pretend = 0, frame = 16
  52              		@ frame_needed = 0, uses_anonymous_args = 0
  53 0054 1F402DE9 		stmfd	sp!, {r0, r1, r2, r3, r4, lr}
  54 0058 004052E2 		subs	r4, r2, #0
  55 005c 01C0A0E1 		mov	ip, r1
  56 0060 0400A001 		moveq	r0, r4
  57 0064 0310A0E1 		mov	r1, r3
  58 0068 18309DE5 		ldr	r3, [sp, #24]
  59 006c 1400000A 		beq	.L8
  60 0070 000053E3 		cmp	r3, #0
  61 0074 0B00000A 		beq	.L9
  62 0078 0330A0E3 		mov	r3, #3
  63 007c 0C30CDE5 		strb	r3, [sp, #12]
  64 0080 0230A0E3 		mov	r3, #2
  65 0084 04C0CDE5 		strb	ip, [sp, #4]
  66 0088 0500CDE5 		strb	r0, [sp, #5]
  67 008c 01C08CE3 		orr	ip, ip, #1
  68 0090 BE30CDE1 		strh	r3, [sp, #14]	@ movhi
  69 0094 04008DE2 		add	r0, sp, #4
  70 0098 0030A0E3 		mov	r3, #0
  71 009c 06C0CDE5 		strb	ip, [sp, #6]
  72 00a0 FEFFFFEB 		bl	CyU3PI2cReceiveBytes
  73 00a4 060000EA 		b	.L8
  74              	.L9:
  75 00a8 02E0A0E3 		mov	lr, #2
  76 00ac 0500CDE5 		strb	r0, [sp, #5]
  77 00b0 04008DE2 		add	r0, sp, #4
  78 00b4 0CE0CDE5 		strb	lr, [sp, #12]
  79 00b8 04C0CDE5 		strb	ip, [sp, #4]
  80 00bc BE30CDE1 		strh	r3, [sp, #14]	@ movhi
  81 00c0 FEFFFFEB 		bl	CyU3PI2cTransmitBytes
  82              	.L8:
  83 00c4 10D08DE2 		add	sp, sp, #16
  84              		@ sp needed
  85 00c8 1080BDE8 		ldmfd	sp!, {r4, pc}
  87              		.ident	"GCC: (Sourcery CodeBench Lite 2013.11-24) 4.8.1"
DEFINED SYMBOLS
                            *ABS*:00000000 i2cmodule.c
C:\Users\jason\AppData\Local\Temp\ccSE45pb.s:14     .text:00000000 $a
C:\Users\jason\AppData\Local\Temp\ccSE45pb.s:17     .text:00000000 CyFxI2cInit
C:\Users\jason\AppData\Local\Temp\ccSE45pb.s:45     .text:00000050 $d
C:\Users\jason\AppData\Local\Temp\ccSE45pb.s:47     .text:00000054 $a
C:\Users\jason\AppData\Local\Temp\ccSE45pb.s:50     .text:00000054 CyFxUsbI2cTransfer

UNDEFINED SYMBOLS
CyU3PI2cInit
CyU3PMemSet
CyU3PI2cSetConfig
CyU3PI2cReceiveBytes
CyU3PI2cTransmitBytes
